\BOOKMARK [0][-]{chapter.1}{\376\377\000W\000s\000t\001\031\000p}{}% 1
\BOOKMARK [1][-]{section.1.1}{\376\377\000W\000p\000r\000o\000w\000a\000d\000z\000e\000n\000i\000e\000\040\000i\000\040\000o\000s\000a\000d\000z\000e\000n\000i\000e\000\040\000w\000\040\000d\000z\000i\000e\000d\000z\000i\000n\000i\000e}{chapter.1}% 2
\BOOKMARK [1][-]{section.1.2}{\376\377\000C\000e\000l\000\040\000o\000r\000a\000z\000\040\000z\000a\000k\000r\000e\000s\000\040\000p\000r\000a\000c\000y}{chapter.1}% 3
\BOOKMARK [0][-]{chapter.2}{\376\377\001\132\000l\000e\000d\000z\000e\000n\000i\000e\000\040\000r\000u\000c\000h\000u\000\040\000g\000a\001\102\000e\000k\000\040\000o\000c\000z\000n\000y\000c\000h\000\040\040\023\000\040\000a\000n\000a\000l\000i\000z\000a\000\040\000t\000e\000m\000a\000t\000u}{}% 4
\BOOKMARK [1][-]{section.2.1}{\376\377\000S\000f\000o\000r\000m\000u\001\102\000o\000w\000a\000n\000i\000e\000\040\000p\000r\000o\000b\000l\000e\000m\000u}{chapter.2}% 5
\BOOKMARK [2][-]{subsection.2.1.1}{\376\377\000U\000w\000a\000g\000a\000\040\000w\000z\000r\000o\000k\000o\000w\000a}{section.2.1}% 6
\BOOKMARK [2][-]{subsection.2.1.2}{\376\377\000P\000o\000s\000z\000u\000k\000i\000w\000a\000n\000i\000e\000\040\000w\000z\000r\000o\000k\000o\000w\000e}{section.2.1}% 7
\BOOKMARK [2][-]{subsection.2.1.3}{\376\377\000A\000n\000a\000l\000i\000z\000a\000\040\000r\000u\000c\000h\000\363\000w\000\040\000o\000c\000z\000u}{section.2.1}% 8
\BOOKMARK [1][-]{section.2.2}{\376\377\000O\000s\000a\000d\000z\000e\000n\000i\000e\000\040\000t\000e\000m\000a\000t\000u\000\040\000w\000\040\000k\000o\000n\000t\000e\000k\001\133\000c\000i\000e\000\040\000a\000k\000t\000u\000a\000l\000n\000e\000g\000o\000\040\000s\000t\000a\000n\000u\000\040\000w\000i\000e\000d\000z\000y}{chapter.2}% 9
\BOOKMARK [2][-]{subsection.2.2.1}{\376\377\000M\000e\000t\000o\000d\000y\000\040\001\133\000l\000e\000d\000z\000e\000n\000i\000a\000\040\000r\000u\000c\000h\000u\000\040\000o\000c\000z\000u\000:\000\040\000p\000r\000z\000e\000g\000l\001\005\000d\000\040\000h\000i\000s\000t\000o\000r\000y\000c\000z\000n\000y\000\040\000i\000\040\000a\000l\000t\000e\000r\000n\000a\000t\000y\000w\000y}{section.2.2}% 10
\BOOKMARK [2][-]{subsection.2.2.2}{\376\377\000A\000n\000a\000l\000i\000z\000a\000\040\000w\000i\000d\000e\000o\000\040\000z\000\040\000w\000y\000k\000o\000r\000z\000y\000s\000t\000a\000n\000i\000e\000m\000\040\001\172\000r\000e\000n\000i\000c\000y\000\040\000i\000\040\000o\000d\000b\000i\000c\000i\000a\000\040\000r\000o\000g\000\363\000w\000k\000o\000w\000e\000g\000o}{section.2.2}% 11
\BOOKMARK [1][-]{section.2.3}{\376\377\000S\000t\000u\000d\000i\000a\000\040\000l\000i\000t\000e\000r\000a\000t\000u\000r\000o\000w\000e}{chapter.2}% 12
\BOOKMARK [2][-]{subsection.2.3.1}{\376\377\000M\000e\000t\000o\000d\000a\000\040\001\172\000r\000e\000n\000i\000c\000y\000\040\000i\000\040\000o\000d\000b\000i\000c\000i\000a\000\040\000r\000o\000g\000\363\000w\000k\000o\000w\000e\000g\000o\000\040\000w\000\040\000b\000a\000d\000a\000n\000i\000a\000c\000h}{section.2.3}% 13
\BOOKMARK [2][-]{subsection.2.3.2}{\376\377\000P\000o\000r\000\363\000w\000n\000a\000n\000i\000e\000\040\000z\000\040\000v\000i\000d\000e\000o\000-\000o\000k\000u\000l\000o\000g\000r\000a\000f\000i\001\005\000\040\000z\000\040\000u\001\174\000y\000c\000i\000e\000m\000\040\000k\000a\000m\000e\000r\000k\000i\000\040\000i\000n\000t\000e\000r\000n\000e\000t\000o\000w\000e\000j}{section.2.3}% 14
\BOOKMARK [2][-]{subsection.2.3.3}{\376\377\000P\000o\000d\000s\000u\000m\000o\000w\000a\000n\000i\000e\000\040\000m\000e\000t\000o\000d\000\040\000w\000\040\000l\000i\000t\000e\000r\000a\000t\000u\000r\000z\000e}{section.2.3}% 15
\BOOKMARK [0][-]{chapter.3}{\376\377\000W\000y\000m\000a\000g\000a\000n\000i\000a\000\040\000i\000\040\000n\000a\000r\000z\001\031\000d\000z\000i\000a}{}% 16
\BOOKMARK [1][-]{section.3.1}{\376\377\000W\000y\000m\000a\000g\000a\000n\000i\000a\000\040\000f\000u\000n\000k\000c\000j\000o\000n\000a\000l\000n\000e}{chapter.3}% 17
\BOOKMARK [2][-]{subsection.3.1.1}{\376\377\000L\000i\000m\000i\000t\000a\000c\000j\000e\000\040\000s\000p\000r\000z\001\031\000t\000o\000w\000e\000\040\000i\000\040\001\133\000r\000o\000d\000o\000w\000i\000s\000k\000o\000w\000e}{section.3.1}% 18
\BOOKMARK [2][-]{subsection.3.1.2}{\376\377\000W\000y\000k\000o\000r\000z\000y\000s\000t\000a\000n\000i\000e\000\040\000p\000l\000a\000t\000f\000o\000r\000m\000\040\000i\000\040\000n\000a\000r\000z\001\031\000d\000z\000i\000\040\000p\000r\000o\000g\000r\000a\000m\000i\000s\000t\000y\000c\000z\000n\000y\000c\000h}{section.3.1}% 19
\BOOKMARK [2][-]{subsection.3.1.3}{\376\377\000Z\000a\000k\000r\000e\000s\000\040\000d\000z\000i\000a\001\102\000a\000n\000i\000a\000\040\000s\000y\000s\000t\000e\000m\000u}{section.3.1}% 20
\BOOKMARK [1][-]{section.3.2}{\376\377\000W\000y\000m\000a\000g\000a\000n\000i\000a\000\040\000n\000i\000e\000f\000u\000n\000k\000c\000j\000o\000n\000a\000l\000n\000e}{chapter.3}% 21
\BOOKMARK [1][-]{section.3.3}{\376\377\000P\000r\000z\000y\000p\000a\000d\000k\000i\000\040\000u\001\174\000y\000c\000i\000a}{chapter.3}% 22
\BOOKMARK [1][-]{section.3.4}{\376\377\000N\000a\000r\000z\001\031\000d\000z\000i\000a\000\040\000i\000\040\000m\000e\000t\000o\000d\000y\000\040\000w\000y\000k\000o\000r\000z\000y\000s\000t\000a\000n\000e\000\040\000w\000\040\000p\000r\000a\000c\000y}{chapter.3}% 23
\BOOKMARK [2][-]{subsection.3.4.1}{\376\377\000A\000S\000U\000S\000\040\000V\000i\000v\000o\000b\000o\000o\000k\000\040\0001\0005}{section.3.4}% 24
\BOOKMARK [2][-]{subsection.3.4.2}{\376\377\000N\000a\000r\000z\001\031\000d\000z\000i\000a\000\040\000p\000r\000o\000g\000r\000a\000m\000i\000s\000t\000y\000c\000z\000n\000e}{section.3.4}% 25
\BOOKMARK [2][-]{subsection.3.4.3}{\376\377\000M\000e\000t\000o\000d\000y\000k\000a\000\040\000p\000r\000a\000c\000y\000\040\000n\000a\000d\000\040\000p\000r\000o\000j\000e\000k\000t\000e\000m}{section.3.4}% 26
\BOOKMARK [0][-]{chapter.4}{\376\377\000S\000p\000e\000c\000y\000f\000i\000k\000a\000c\000j\000a\000\040\000z\000e\000w\000n\001\031\000t\000r\000z\000n\000a}{}% 27
\BOOKMARK [1][-]{section.4.1}{\376\377\000W\000y\000m\000a\000g\000a\000n\000i\000a\000\040\000s\000p\000r\000z\001\031\000t\000o\000w\000e\000\040\000i\000\040\000p\000r\000o\000g\000r\000a\000m\000o\000w\000e}{chapter.4}% 28
\BOOKMARK [2][-]{subsection.4.1.1}{\376\377\000P\000r\000o\000c\000e\000s\000o\000r\000\040\000i\000\040\000p\000a\000m\000i\001\031\001\007\000\040\000R\000A\000M}{section.4.1}% 29
\BOOKMARK [2][-]{subsection.4.1.2}{\376\377\000S\000y\000s\000t\000e\000m\000\040\000o\000p\000e\000r\000a\000c\000y\000j\000n\000y}{section.4.1}% 30
\BOOKMARK [2][-]{subsection.4.1.3}{\376\377\000P\000o\000d\000s\000u\000m\000o\000w\000a\000n\000i\000e\000\040\000w\000y\000m\000a\000g\000a\001\104}{section.4.1}% 31
\BOOKMARK [1][-]{section.4.2}{\376\377\000S\000p\000o\000s\000\363\000b\000\040\000i\000n\000s\000t\000a\000l\000a\000c\000j\000i}{chapter.4}% 32
\BOOKMARK [1][-]{section.4.3}{\376\377\000K\000a\000t\000e\000g\000o\000r\000i\000e\000\040\000u\001\174\000y\000t\000k\000o\000w\000n\000i\000k\000\363\000w}{chapter.4}% 33
\BOOKMARK [1][-]{section.4.4}{\376\377\000S\000p\000o\000s\000\363\000b\000\040\000o\000b\000s\001\102\000u\000g\000i\000\040\000i\000\040\000d\000z\000i\000a\001\102\000a\000n\000i\000a}{chapter.4}% 34
\BOOKMARK [1][-]{section.4.5}{\376\377\000K\000w\000e\000s\000t\000i\000e\000\040\000b\000e\000z\000p\000i\000e\000c\000z\000e\001\104\000s\000t\000w\000a}{chapter.4}% 35
\BOOKMARK [1][-]{section.4.6}{\376\377\000S\000c\000e\000n\000a\000r\000i\000u\000s\000z\000e\000\040\000k\000o\000r\000z\000y\000s\000t\000a\000n\000i\000a\000\040\000z\000\040\000s\000y\000s\000t\000e\000m\000u}{chapter.4}% 36
\BOOKMARK [0][-]{chapter.5}{\376\377\000S\000p\000e\000c\000y\000f\000i\000k\000a\000c\000j\000a\000\040\000w\000e\000w\000n\001\031\000t\000r\000z\000n\000a}{}% 37
\BOOKMARK [1][-]{section.5.1}{\376\377\000P\000r\000z\000e\000d\000s\000t\000a\000w\000i\000e\000n\000i\000e\000\040\000i\000d\000e\000i}{chapter.5}% 38
\BOOKMARK [1][-]{section.5.2}{\376\377\000A\000r\000c\000h\000i\000t\000e\000k\000t\000u\000r\000a\000\040\000s\000y\000s\000t\000e\000m\000u}{chapter.5}% 39
\BOOKMARK [1][-]{section.5.3}{\376\377\000O\000p\000i\000s\000\040\000s\000t\000r\000u\000k\000t\000u\000r\000\040\000d\000a\000n\000y\000c\000h}{chapter.5}% 40
\BOOKMARK [1][-]{section.5.4}{\376\377\000F\000u\000n\000k\000c\000j\000o\000n\000a\000l\000n\000o\001\133\000c\000i\000\040\000b\000i\000b\000l\000i\000o\000t\000e\000k}{chapter.5}% 41
\BOOKMARK [2][-]{subsection.5.4.1}{\376\377\000e\000y\000e\000\137\000d\000e\000t\000e\000c\000t\000.\000e\000x\000e}{section.5.4}% 42
\BOOKMARK [2][-]{subsection.5.4.2}{\376\377\000e\000y\000e\000\137\000t\000r\000a\000c\000k\000i\000n\000g\000\137\000p\000l\000o\000t\000.\000e\000x\000e}{section.5.4}% 43
\BOOKMARK [1][-]{section.5.5}{\376\377\000P\000r\000z\000e\000g\000l\001\005\000d\000\040\000a\000l\000g\000o\000r\000y\000t\000m\000\363\000w}{chapter.5}% 44
\BOOKMARK [2][-]{subsection.5.5.1}{\376\377\000K\000a\000s\000k\000a\000d\000o\000w\000y\000\040\000k\000l\000a\000s\000y\000f\000i\000k\000a\000t\000o\000r\000\040\000o\000p\000a\000r\000t\000y\000\040\000n\000a\000\040\000c\000e\000c\000h\000a\000c\000h\000\040\000H\000a\000a\000r\000a}{section.5.5}% 45
\BOOKMARK [2][-]{subsection.5.5.2}{\376\377\000B\000i\000n\000a\000r\000y\000z\000a\000c\000j\000a\000\040\000i\000\040\000o\000p\000e\000r\000a\000c\000j\000e\000\040\000m\000o\000r\000f\000o\000l\000o\000g\000i\000c\000z\000n\000e}{section.5.5}% 46
\BOOKMARK [1][-]{section.5.6}{\376\377\000S\000z\000c\000z\000e\000g\000\363\001\102\000y\000\040\000i\000m\000p\000l\000e\000m\000e\000n\000t\000a\000c\000j\000i\000\040\000w\000y\000b\000r\000a\000n\000y\000c\000h\000\040\000f\000r\000a\000g\000m\000e\000n\000t\000\363\000w}{chapter.5}% 47
\BOOKMARK [2][-]{subsection.5.6.1}{\376\377\000K\000o\000n\000t\000r\000o\000l\000a\000\040\000b\001\102\001\031\000d\000\363\000w\000\040\000i\000\040\000z\000a\000s\000o\000b\000y}{section.5.6}% 48
\BOOKMARK [2][-]{subsection.5.6.2}{\376\377\000W\000y\000k\000r\000y\000w\000a\000n\000i\000e\000\040\000t\000w\000a\000r\000z\000y\000\040\000i\000\040\000w\000y\000z\000n\000a\000c\000z\000c\000i\000e\000\040\000R\000O\000I}{section.5.6}% 49
\BOOKMARK [2][-]{subsection.5.6.3}{\376\377\000W\000y\000k\000r\000y\000w\000a\000n\000i\000e\000\040\000o\000c\000z\000u\000\040\000i\000\040\000i\000c\000h\000\040\000s\000o\000r\000t\000o\000w\000a\000n\000i\000e}{section.5.6}% 50
\BOOKMARK [2][-]{subsection.5.6.4}{\376\377\000T\000r\000y\000b\000\040\000k\000a\000l\000i\000b\000r\000a\000c\000j\000i\000\040\000i\000\040\000p\000u\000n\000k\000t\000\040\000o\000d\000n\000i\000e\000s\000i\000e\000n\000i\000a}{section.5.6}% 51
\BOOKMARK [2][-]{subsection.5.6.5}{\376\377\000B\000i\000n\000a\000r\000y\000z\000a\000c\000j\000a\000,\000\040\000o\000p\000e\000r\000a\000c\000j\000e\000\040\000m\000o\000r\000f\000o\000l\000o\000g\000i\000c\000z\000n\000e\000\040\000i\000\040\001\133\000r\000o\000d\000e\000k\000\040\001\172\000r\000e\000n\000i\000c}{section.5.6}% 52
\BOOKMARK [0][-]{chapter.6}{\376\377\000W\000e\000r\000y\000f\000i\000k\000a\000c\000j\000a\000\040\000i\000\040\000w\000a\000l\000i\000d\000a\000c\000j\000a}{}% 53
\BOOKMARK [1][-]{section.6.1}{\376\377\000S\000p\000o\000s\000\363\000b\000\040\000t\000e\000s\000t\000o\000w\000a\000n\000i\000e\000\040\000w\000\040\000r\000a\000m\000a\000c\000h\000\040\000p\000r\000a\000c\000y}{chapter.6}% 54
\BOOKMARK [1][-]{section.6.2}{\376\377\000P\000r\000z\000y\000p\000a\000d\000k\000i\000\040\000t\000e\000s\000t\000o\000w\000e}{chapter.6}% 55
\BOOKMARK [2][-]{subsection.6.2.1}{\376\377\000T\000e\000s\000t\000o\000w\000a\000n\000i\000e\000\040\000u\000n\000i\000w\000e\000r\000s\000a\000l\000n\000o\001\133\000c\000i\000\040\000d\000l\000a\000\040\000i\000n\000n\000y\000c\000h\000\040\000t\000w\000a\000r\000z\000y\000\040\000\050\000n\000i\000e\000p\000e\001\102\000n\000e\000\051}{section.6.2}% 56
\BOOKMARK [2][-]{subsection.6.2.2}{\376\377\000T\000e\000s\000t\000o\000w\000a\000n\000i\000e\000\040\000o\000d\000p\000o\000r\000n\000o\001\133\000c\000i\000\040\000n\000a\000\040\000r\000\363\001\174\000n\000e\000\040\000o\001\133\000w\000i\000e\000t\000l\000e\000n\000i\000e\000\040\000\050\000p\000e\001\102\000n\000e\000\051}{section.6.2}% 57
\BOOKMARK [2][-]{subsection.6.2.3}{\376\377\000T\000e\000s\000t\000o\000w\000a\000n\000i\000e\000\040\000u\000s\000t\000a\000w\000i\000e\001\104\000\040\000k\000l\000a\000s\000y\000f\000i\000k\000a\000t\000o\000r\000a\000\040\000H\000a\000a\000r\000a\000\040\000\050\000n\000i\000e\000p\000e\001\102\000n\000e\000\051}{section.6.2}% 58
\BOOKMARK [2][-]{subsection.6.2.4}{\376\377\000T\000e\000s\000t\000o\000w\000a\000n\000i\000e\000\040\000p\000o\000p\000r\000a\000w\000n\000o\001\133\000c\000i\000\040\000w\000y\000l\000i\000c\000z\000o\000n\000y\000c\000h\000\040\000w\000a\000r\000t\000o\001\133\000c\000i}{section.6.2}% 59
\BOOKMARK [2][-]{subsection.6.2.5}{\376\377\000T\000e\000s\000t\000o\000w\000a\000n\000i\000e\000\040\000z\000a\000p\000i\000s\000y\000w\000a\000n\000i\000a\000\040\000d\000o\000\040\000p\000l\000i\000k\000u\000\040\000\050\000p\000e\001\102\000n\000e\000\051}{section.6.2}% 60
\BOOKMARK [2][-]{subsection.6.2.6}{\376\377\000T\000e\000s\000t\000o\000w\000a\000n\000i\000e\000\040\000i\000n\000t\000e\000g\000r\000a\000l\000n\000o\001\133\000c\000i\000\040\000i\000\040\000s\000t\000a\000b\000i\000l\000n\000o\001\133\000c\000i\000\040\000\050\000p\000e\001\102\000n\000e\000\051}{section.6.2}% 61
\BOOKMARK [2][-]{subsection.6.2.7}{\376\377\000T\000e\000s\000t\000o\000w\000a\000n\000i\000e\000\040\000k\000a\000l\000i\000b\000r\000a\000c\000j\000i\000\040\000z\000a\000a\000w\000a\000n\000s\000o\000w\000a\000n\000e\000j\000\040\000\050\000n\000i\000e\000p\000e\001\102\000n\000e\000\051}{section.6.2}% 62
\BOOKMARK [1][-]{section.6.3}{\376\377\000W\000y\000k\000r\000y\000t\000e\000\040\000i\000\040\000u\000s\000u\000n\000i\001\031\000t\000e\000\040\000b\001\102\001\031\000d\000y}{chapter.6}% 63
\BOOKMARK [0][-]{chapter.7}{\376\377\000P\000o\000d\000s\000u\000m\000o\000w\000a\000n\000i\000e\000\040\000i\000\040\000w\000n\000i\000o\000s\000k\000i}{}% 64
\BOOKMARK [0][-]{chapter*.54}{\376\377\000B\000i\000b\000l\000i\000o\000g\000r\000a\000f\000i\000a}{}% 65
\BOOKMARK [0][-]{appendix*.55}{\376\377\000S\000p\000i\000s\000\040\000s\000k\000r\000\363\000t\000\363\000w\000\040\000i\000\040\000s\000y\000m\000b\000o\000l\000i}{}% 66
\BOOKMARK [0][-]{appendix*.56}{\376\377\001\171\000r\000\363\000d\001\102\000a}{}% 67
\BOOKMARK [0][-]{appendix*.57}{\376\377\000L\000i\000s\000t\000a\000\040\000d\000o\000d\000a\000t\000k\000o\000w\000y\000c\000h\000\040\000p\000l\000i\000k\000\363\000w\000,\000\040\000u\000z\000u\000p\000e\001\102\000n\000i\000a\000j\001\005\000c\000y\000c\000h\000\040\000t\000e\000k\000s\000t\000\040\000p\000r\000a\000c\000y}{}% 68
\BOOKMARK [0][-]{appendix*.58}{\376\377\000S\000p\000i\000s\000\040\000r\000y\000s\000u\000n\000k\000\363\000w}{}% 69
\BOOKMARK [0][-]{appendix*.59}{\376\377\000S\000p\000i\000s\000\040\000t\000a\000b\000e\000l}{}% 70
